0 info it worked if it ends with ok
1 verbose cli [ '/usr/local/bin/node', '/usr/local/bin/npm', 'start' ]
2 info using npm@3.10.10
3 info using node@v6.11.4
4 verbose run-script [ 'prestart', 'start', 'poststart' ]
5 info lifecycle ListInput@~prestart: ListInput@
6 silly lifecycle ListInput@~prestart: no script for prestart, continuing
7 info lifecycle ListInput@~start: ListInput@
8 verbose lifecycle ListInput@~start: unsafe-perm in lifecycle true
9 verbose lifecycle ListInput@~start: PATH: /usr/local/lib/node_modules/npm/bin/node-gyp-bin:/Users/stanislavlukasov/Documents/Github/react-components/src/components/GoogleMap/node_modules/.bin:/usr/local/bin:/usr/bin:/bin:/usr/sbin:/sbin
10 verbose lifecycle ListInput@~start: CWD: /Users/stanislavlukasov/Documents/Github/react-components/src/components/GoogleMap
11 silly lifecycle ListInput@~start: Args: [ '-c',
11 silly lifecycle   'node ./node_modules/webpack-dev-server/bin/webpack-dev-server.js' ]
12 silly lifecycle ListInput@~start: Returned: code: 1  signal: null
13 info lifecycle ListInput@~start: Failed to exec start script
14 verbose stack Error: ListInput@ start: `node ./node_modules/webpack-dev-server/bin/webpack-dev-server.js`
14 verbose stack Exit status 1
14 verbose stack     at EventEmitter.<anonymous> (/usr/local/lib/node_modules/npm/lib/utils/lifecycle.js:255:16)
14 verbose stack     at emitTwo (events.js:106:13)
14 verbose stack     at EventEmitter.emit (events.js:191:7)
14 verbose stack     at ChildProcess.<anonymous> (/usr/local/lib/node_modules/npm/lib/utils/spawn.js:40:14)
14 verbose stack     at emitTwo (events.js:106:13)
14 verbose stack     at ChildProcess.emit (events.js:191:7)
14 verbose stack     at maybeClose (internal/child_process.js:920:16)
14 verbose stack     at Process.ChildProcess._handle.onexit (internal/child_process.js:230:5)
15 verbose pkgid ListInput@
16 verbose cwd /Users/stanislavlukasov/Documents/Github/react-components/src/components/GoogleMap
17 error Darwin 17.2.0
18 error argv "/usr/local/bin/node" "/usr/local/bin/npm" "start"
19 error node v6.11.4
20 error npm  v3.10.10
21 error code ELIFECYCLE
22 error ListInput@ start: `node ./node_modules/webpack-dev-server/bin/webpack-dev-server.js`
22 error Exit status 1
23 error Failed at the ListInput@ start script 'node ./node_modules/webpack-dev-server/bin/webpack-dev-server.js'.
23 error Make sure you have the latest version of node.js and npm installed.
23 error If you do, this is most likely a problem with the ListInput package,
23 error not with npm itself.
23 error Tell the author that this fails on your system:
23 error     node ./node_modules/webpack-dev-server/bin/webpack-dev-server.js
23 error You can get information on how to open an issue for this project with:
23 error     npm bugs ListInput
23 error Or if that isn't available, you can get their info via:
23 error     npm owner ls ListInput
23 error There is likely additional logging output above.
24 verbose exit [ 1, true ]
